#
# A fatal error has been detected by the Java Runtime Environment:
#
#  SIGSEGV (0xb) at pc=0x0000000122c92e47, pid=6471, tid=54279
#
# JRE version: Java(TM) SE Runtime Environment (8.0_45-b14) (build 1.8.0_45-b14)
# Java VM: Java HotSpot(TM) 64-Bit Server VM (25.45-b02 mixed mode bsd-amd64 compressed oops)
# Problematic frame:
# C  [libawt_lwawt.dylib+0x1ae47]  OGLSD_SetScratchSurface+0x49
#
# Failed to write core dump. Core dumps have been disabled. To enable core dumping, try "ulimit -c unlimited" before starting Java again
#
# If you would like to submit a bug report, please visit:
#   http://bugreport.java.com/bugreport/crash.jsp
# The crash happened outside the Java Virtual Machine in native code.
# See problematic frame for where to report the bug.
#

---------------  T H R E A D  ---------------

Current thread (0x00007ffe5c8eb000):  JavaThread "Java2D Queue Flusher" daemon [_thread_in_native, id=54279, stack(0x0000700001a74000,0x0000700001b74000)]

siginfo: si_signo: 11 (SIGSEGV), si_code: 1 (SEGV_MAPERR), si_addr: 0x0000000000000002

Registers:
RAX=0x00000000ffffffff, RBX=0x0000000000000002, RCX=0x0000000000000047, RDX=0x0000000122cb37ac
RSP=0x0000700001b736d0, RBP=0x0000700001b736f0, RSI=0x00007ffe59e3ca30, RDI=0x00007ffe5c8eb1f8
R8 =0x00000000fffffffc, R9 =0x00007ffe59d27a40, R10=0x000000010617e928, R11=0x00000001056c58db
R12=0x0000000000000000, R13=0x000000011efe46b8, R14=0x00007ffe5c8eb1f8, R15=0x00007ffe5c8eb000
RIP=0x0000000122c92e47, EFLAGS=0x0000000000010202, ERR=0x0000000000000004
  TRAPNO=0x000000000000000e

Top of Stack: (sp=0x0000700001b736d0)
0x0000700001b736d0:   00007ffe59e3ca30 0000000000000000
0x0000700001b736e0:   00007ffe5c968a10 00007ffe5c8eb000
0x0000700001b736f0:   0000700001b73770 0000000122cb328a
0x0000700001b73700:   00007ffe5c8eb000 000000000000e503
0x0000700001b73710:   00007ffe59d27a00 0000000200000001
0x0000700001b73720:   0000700001b73710 000000011eab8500
0x0000700001b73730:   0000000000000000 00007ffe5c968a20
0x0000700001b73740:   0000000100ec5590 00007ffe5c8eb1f8
0x0000700001b73750:   000000011efe46b8 0000000000000000
0x0000700001b73760:   0000700001b73818 00007ffe5c8eb000
0x0000700001b73770:   0000700001b737e0 000000010617e954
0x0000700001b73780:   00007ffe5c8eb000 00007ffe5b84baa8
0x0000700001b73790:   0000700001b737c0 0000000105717a58
0x0000700001b737a0:   0000700001b737a0 0000000000000000
0x0000700001b737b0:   0000700001b73818 000000011efe5750
0x0000700001b737c0:   0000000000000000 000000011efe46b8
0x0000700001b737d0:   0000000000000000 0000700001b73800
0x0000700001b737e0:   0000700001b73860 0000000106170c4d
0x0000700001b737f0:   0000000000000000 0000000106178578
0x0000700001b73800:   0000000000000020 00007ffe5c968a00
0x0000700001b73810:   000000076f5c9598 000000076f5c9580
0x0000700001b73820:   0000700001b73820 000000011efe4765
0x0000700001b73830:   0000700001b73878 000000011efe5750
0x0000700001b73840:   00000001289b25d8 000000011efe4788
0x0000700001b73850:   0000700001b73800 0000700001b73880
0x0000700001b73860:   0000700001b739d0 00000001065a743c
0x0000700001b73870:   0000000000000020 000000076f5c9580
0x0000700001b73880:   0000000000000041 000000011efe8280
0x0000700001b73890:   000000010616e5d0 0000000100000000
0x0000700001b738a0:   0000700001b73940 0000700001b738f0
0x0000700001b738b0:   00000000000000db 0000000000000000
0x0000700001b738c0:   0000700001b73968 00007ffe5c8eb000 

Instructions: (pc=0x0000000122c92e47)
0x0000000122c92e27:   c0 e9 82 00 00 00 48 8b 5e 10 48 85 db 75 0e bf
0x0000000122c92e37:   01 00 00 00 48 8d 15 a4 76 03 00 eb d6 49 89 fe
0x0000000122c92e47:   4c 8b 3b 30 c0 e8 5f a3 02 00 49 8b 3f 49 89 c4
0x0000000122c92e57:   48 8b 35 ca f6 05 00 30 c0 e8 a1 a4 02 00 48 85 

Register to memory mapping:

RAX=0x00000000ffffffff is an unknown value
RBX=0x0000000000000002 is an unknown value
RCX=0x0000000000000047 is an unknown value
RDX=0x0000000122cb37ac: Java_sun_java2d_opengl_OGLRenderQueue_flushBuffer+0xb5c in /Library/Java/JavaVirtualMachines/jdk1.8.0_45.jdk/Contents/Home/jre/lib/libawt_lwawt.dylib at 0x0000000122c78000
RSP=0x0000700001b736d0 is pointing into the stack for thread: 0x00007ffe5c8eb000
RBP=0x0000700001b736f0 is pointing into the stack for thread: 0x00007ffe5c8eb000
RSI=0x00007ffe59e3ca30 is an unknown value
RDI=0x00007ffe5c8eb1f8 is an unknown value
R8 =0x00000000fffffffc is an unknown value
R9 =0x00007ffe59d27a40 is an unknown value
R10=0x000000010617e928 is at code_begin+808 in an Interpreter codelet
method entry point (kind = native)  [0x000000010617e600, 0x000000010617ef00]  2304 bytes
R11=0x00000001056c58db: throw_unsatisfied_link_error+0 in /Library/Java/JavaVirtualMachines/jdk1.8.0_45.jdk/Contents/Home/jre/lib/server/libjvm.dylib at 0x0000000105200000
R12=0x0000000000000000 is an unknown value
R13={method} {0x000000011efe46b8} 'flushBuffer' '(JI)V' in 'sun/java2d/opengl/OGLRenderQueue'
R14=0x00007ffe5c8eb1f8 is an unknown value
R15=0x00007ffe5c8eb000 is a thread


Stack: [0x0000700001a74000,0x0000700001b74000],  sp=0x0000700001b736d0,  free space=1021k
Native frames: (J=compiled Java code, j=interpreted, Vv=VM code, C=native code)
C  [libawt_lwawt.dylib+0x1ae47]  OGLSD_SetScratchSurface+0x49
C  [libawt_lwawt.dylib+0x3b28a]  Java_sun_java2d_opengl_OGLRenderQueue_flushBuffer+0x63a
j  sun.java2d.opengl.OGLRenderQueue.flushBuffer(JI)V+0
j  sun.java2d.opengl.OGLRenderQueue.flushBuffer()V+21
J 1333% C1 sun.java2d.opengl.OGLRenderQueue$QueueFlusher.run()V (234 bytes) @ 0x00000001065a743c [0x00000001065a6a80+0x9bc]
v  ~StubRoutines::call_stub
V  [libjvm.dylib+0x2e032a]  JavaCalls::call_helper(JavaValue*, methodHandle*, JavaCallArguments*, Thread*)+0x6ae
V  [libjvm.dylib+0x2e0ab8]  JavaCalls::call_virtual(JavaValue*, KlassHandle, Symbol*, Symbol*, JavaCallArguments*, Thread*)+0x164
V  [libjvm.dylib+0x2e0c64]  JavaCalls::call_virtual(JavaValue*, Handle, KlassHandle, Symbol*, Symbol*, Thread*)+0x4a
V  [libjvm.dylib+0x3331a5]  thread_entry(JavaThread*, Thread*)+0x7c
V  [libjvm.dylib+0x549acf]  JavaThread::thread_main_inner()+0x9b
V  [libjvm.dylib+0x54b1c0]  JavaThread::run()+0x1c2
V  [libjvm.dylib+0x46ea7e]  java_start(Thread*)+0xf6
C  [libsystem_pthread.dylib+0x39b1]  _pthread_body+0x83
C  [libsystem_pthread.dylib+0x392e]  _pthread_body+0x0
C  [libsystem_pthread.dylib+0x1385]  thread_start+0xd
C  0x0000000000000000

Java frames: (J=compiled Java code, j=interpreted, Vv=VM code)
j  sun.java2d.opengl.OGLRenderQueue.flushBuffer(JI)V+0
j  sun.java2d.opengl.OGLRenderQueue.flushBuffer()V+21
J 1333% C1 sun.java2d.opengl.OGLRenderQueue$QueueFlusher.run()V (234 bytes) @ 0x00000001065a743c [0x00000001065a6a80+0x9bc]
v  ~StubRoutines::call_stub

---------------  P R O C E S S  ---------------

Java Threads: ( => current thread )
  0x00007ffe5c9fd000 JavaThread "TimerQueue" daemon [_thread_blocked, id=63279, stack(0x0000700001e80000,0x0000700001f80000)]
  0x00007ffe5a806800 JavaThread "DestroyJavaVM" [_thread_blocked, id=5891, stack(0x000070000011a000,0x000070000021a000)]
  0x00007ffe5aa2b000 JavaThread "AWT-EventQueue-0" [_thread_blocked, id=59907, stack(0x0000700001d7d000,0x0000700001e7d000)]
  0x00007ffe5c9b5800 JavaThread "Thread-0" [_thread_blocked, id=59395, stack(0x0000700001c7a000,0x0000700001d7a000)]
  0x00007ffe5aa29800 JavaThread "Java2D Disposer" daemon [_thread_blocked, id=58627, stack(0x0000700001b77000,0x0000700001c77000)]
=>0x00007ffe5c8eb000 JavaThread "Java2D Queue Flusher" daemon [_thread_in_native, id=54279, stack(0x0000700001a74000,0x0000700001b74000)]
  0x00007ffe5a8be000 JavaThread "AWT-Shutdown" [_thread_blocked, id=31507, stack(0x00007000015dc000,0x00007000016dc000)]
  0x00007ffe5c051000 JavaThread "AppKit Thread" daemon [_thread_in_native, id=2571, stack(0x00007fff5b58d000,0x00007fff5bd8d000)]
  0x00007ffe5a00e000 JavaThread "Service Thread" daemon [_thread_blocked, id=21251, stack(0x0000700001353000,0x0000700001453000)]
  0x00007ffe5c00c000 JavaThread "C1 CompilerThread3" daemon [_thread_blocked, id=20739, stack(0x0000700001250000,0x0000700001350000)]
  0x00007ffe5c00b800 JavaThread "C2 CompilerThread2" daemon [_thread_blocked, id=20227, stack(0x000070000114d000,0x000070000124d000)]
  0x00007ffe5a864000 JavaThread "C2 CompilerThread1" daemon [_thread_blocked, id=19715, stack(0x000070000104a000,0x000070000114a000)]
  0x00007ffe5c822800 JavaThread "C2 CompilerThread0" daemon [_thread_blocked, id=19203, stack(0x0000700000f47000,0x0000700001047000)]
  0x00007ffe5c818800 JavaThread "Signal Dispatcher" daemon [_thread_blocked, id=14863, stack(0x0000700000e44000,0x0000700000f44000)]
  0x00007ffe5c818000 JavaThread "Finalizer" daemon [_thread_blocked, id=14339, stack(0x0000700000c3b000,0x0000700000d3b000)]
  0x00007ffe5c817000 JavaThread "Reference Handler" daemon [_thread_blocked, id=13827, stack(0x0000700000b38000,0x0000700000c38000)]

Other Threads:
  0x00007ffe5c814800 VMThread [stack: 0x0000700000a35000,0x0000700000b35000] [id=13315]
  0x00007ffe5c00b000 WatcherThread [stack: 0x0000700001456000,0x0000700001556000] [id=21763]

VM state:not at safepoint (normal execution)

VM Mutex/Monitor currently owned by a thread: None

Heap:
 PSYoungGen      total 76288K, used 6343K [0x000000076ab00000, 0x0000000770000000, 0x00000007c0000000)
  eden space 65536K, 4% used [0x000000076ab00000,0x000000076adb2fd8,0x000000076eb00000)
  from space 10752K, 33% used [0x000000076f580000,0x000000076f8fec30,0x0000000770000000)
  to   space 10752K, 0% used [0x000000076eb00000,0x000000076eb00000,0x000000076f580000)
 ParOldGen       total 175104K, used 32K [0x00000006c0000000, 0x00000006cab00000, 0x000000076ab00000)
  object space 175104K, 0% used [0x00000006c0000000,0x00000006c0008000,0x00000006cab00000)
 Metaspace       used 15773K, capacity 16002K, committed 16256K, reserved 1062912K
  class space    used 2086K, capacity 2175K, committed 2176K, reserved 1048576K

Card table byte_map: [0x0000000115529000,0x0000000115d2a000] byte_map_base: 0x0000000111f29000

Marking Bits: (ParMarkBitMap*) 0x0000000105ac27a0
 Begin Bits: [0x0000000116280000, 0x000000011a280000)
 End Bits:   [0x000000011a280000, 0x000000011e280000)

Polling page: 0x0000000104136000

CodeCache: size=245760Kb used=4376Kb max_used=4376Kb free=241383Kb
 bounds [0x0000000106169000, 0x00000001065b9000, 0x0000000115169000]
 total_blobs=1889 nmethods=1340 adapters=462
 compilation: enabled

Compilation events (10 events):
Event: 8610.781 Thread 0x00007ffe5c00c000 1336       3       java.lang.ref.Finalizer::access$100 (6 bytes)
Event: 8610.781 Thread 0x00007ffe5c00c000 nmethod 1336 0x00000001065ae790 code [0x00000001065ae900, 0x00000001065aea68]
Event: 8610.781 Thread 0x00007ffe5c00c000 1337   !   3       java.lang.ref.Finalizer::runFinalizer (62 bytes)
Event: 8610.782 Thread 0x00007ffe5c00c000 nmethod 1337 0x00000001065aeb10 code [0x00000001065aece0, 0x00000001065af578]
Event: 8610.782 Thread 0x00007ffe5c00c000 1338       3       java.lang.ref.Finalizer::hasBeenFinalized (14 bytes)
Event: 8610.782 Thread 0x00007ffe5c00c000 nmethod 1338 0x00000001065af810 code [0x00000001065af980, 0x00000001065afb30]
Event: 8610.782 Thread 0x00007ffe5c00c000 1339   !   3       java.lang.ref.Finalizer::remove (94 bytes)
Event: 8610.782 Thread 0x00007ffe5c00c000 nmethod 1339 0x00000001065afb90 code [0x00000001065afd20, 0x00000001065b0230]
Event: 8610.782 Thread 0x00007ffe5c00c000 1340  s    3       java.util.Hashtable::remove (133 bytes)
Event: 8610.783 Thread 0x00007ffe5c00c000 nmethod 1340 0x00000001065b0390 code [0x00000001065b0540, 0x00000001065b0d98]

GC Heap History (8 events):
Event: 1487.651 GC heap before
{Heap before GC invocations=1 (full 0):
 PSYoungGen      total 76288K, used 65536K [0x000000076ab00000, 0x0000000770000000, 0x00000007c0000000)
  eden space 65536K, 100% used [0x000000076ab00000,0x000000076eb00000,0x000000076eb00000)
  from space 10752K, 0% used [0x000000076f580000,0x000000076f580000,0x0000000770000000)
  to   space 10752K, 0% used [0x000000076eb00000,0x000000076eb00000,0x000000076f580000)
 ParOldGen       total 175104K, used 0K [0x00000006c0000000, 0x00000006cab00000, 0x000000076ab00000)
  object space 175104K, 0% used [0x00000006c0000000,0x00000006c0000000,0x00000006cab00000)
 Metaspace       used 15728K, capacity 15938K, committed 16256K, reserved 1062912K
  class space    used 2086K, capacity 2175K, committed 2176K, reserved 1048576K
Event: 1487.682 GC heap after
Heap after GC invocations=1 (full 0):
 PSYoungGen      total 76288K, used 8005K [0x000000076ab00000, 0x0000000770000000, 0x00000007c0000000)
  eden space 65536K, 0% used [0x000000076ab00000,0x000000076ab00000,0x000000076eb00000)
  from space 10752K, 74% used [0x000000076eb00000,0x000000076f2d1660,0x000000076f580000)
  to   space 10752K, 0% used [0x000000076f580000,0x000000076f580000,0x0000000770000000)
 ParOldGen       total 175104K, used 16K [0x00000006c0000000, 0x00000006cab00000, 0x000000076ab00000)
  object space 175104K, 0% used [0x00000006c0000000,0x00000006c0004000,0x00000006cab00000)
 Metaspace       used 15728K, capacity 15938K, committed 16256K, reserved 1062912K
  class space    used 2086K, capacity 2175K, committed 2176K, reserved 1048576K
}
Event: 3664.205 GC heap before
{Heap before GC invocations=2 (full 0):
 PSYoungGen      total 76288K, used 73541K [0x000000076ab00000, 0x0000000770000000, 0x00000007c0000000)
  eden space 65536K, 100% used [0x000000076ab00000,0x000000076eb00000,0x000000076eb00000)
  from space 10752K, 74% used [0x000000076eb00000,0x000000076f2d1660,0x000000076f580000)
  to   space 10752K, 0% used [0x000000076f580000,0x000000076f580000,0x0000000770000000)
 ParOldGen       total 175104K, used 16K [0x00000006c0000000, 0x00000006cab00000, 0x000000076ab00000)
  object space 175104K, 0% used [0x00000006c0000000,0x00000006c0004000,0x00000006cab00000)
 Metaspace       used 15764K, capacity 16002K, committed 16256K, reserved 1062912K
  class space    used 2086K, capacity 2175K, committed 2176K, reserved 1048576K
Event: 3664.211 GC heap after
Heap after GC invocations=2 (full 0):
 PSYoungGen      total 76288K, used 7907K [0x000000076ab00000, 0x0000000770000000, 0x00000007c0000000)
  eden space 65536K, 0% used [0x000000076ab00000,0x000000076ab00000,0x000000076eb00000)
  from space 10752K, 73% used [0x000000076f580000,0x000000076fd38e38,0x0000000770000000)
  to   space 10752K, 0% used [0x000000076eb00000,0x000000076eb00000,0x000000076f580000)
 ParOldGen       total 175104K, used 24K [0x00000006c0000000, 0x00000006cab00000, 0x000000076ab00000)
  object space 175104K, 0% used [0x00000006c0000000,0x00000006c0006000,0x00000006cab00000)
 Metaspace       used 15764K, capacity 16002K, committed 16256K, reserved 1062912K
  class space    used 2086K, capacity 2175K, committed 2176K, reserved 1048576K
}
Event: 6141.878 GC heap before
{Heap before GC invocations=3 (full 0):
 PSYoungGen      total 76288K, used 73443K [0x000000076ab00000, 0x0000000770000000, 0x00000007c0000000)
  eden space 65536K, 100% used [0x000000076ab00000,0x000000076eb00000,0x000000076eb00000)
  from space 10752K, 73% used [0x000000076f580000,0x000000076fd38e38,0x0000000770000000)
  to   space 10752K, 0% used [0x000000076eb00000,0x000000076eb00000,0x000000076f580000)
 ParOldGen       total 175104K, used 24K [0x00000006c0000000, 0x00000006cab00000, 0x000000076ab00000)
  object space 175104K, 0% used [0x00000006c0000000,0x00000006c0006000,0x00000006cab00000)
 Metaspace       used 15764K, capacity 16002K, committed 16256K, reserved 1062912K
  class space    used 2086K, capacity 2175K, committed 2176K, reserved 1048576K
Event: 6141.882 GC heap after
Heap after GC invocations=3 (full 0):
 PSYoungGen      total 76288K, used 7685K [0x000000076ab00000, 0x0000000770000000, 0x00000007c0000000)
  eden space 65536K, 0% used [0x000000076ab00000,0x000000076ab00000,0x000000076eb00000)
  from space 10752K, 71% used [0x000000076eb00000,0x000000076f2816e8,0x000000076f580000)
  to   space 10752K, 0% used [0x000000076f580000,0x000000076f580000,0x0000000770000000)
 ParOldGen       total 175104K, used 32K [0x00000006c0000000, 0x00000006cab00000, 0x000000076ab00000)
  object space 175104K, 0% used [0x00000006c0000000,0x00000006c0008000,0x00000006cab00000)
 Metaspace       used 15764K, capacity 16002K, committed 16256K, reserved 1062912K
  class space    used 2086K, capacity 2175K, committed 2176K, reserved 1048576K
}
Event: 8610.776 GC heap before
{Heap before GC invocations=4 (full 0):
 PSYoungGen      total 76288K, used 73221K [0x000000076ab00000, 0x0000000770000000, 0x00000007c0000000)
  eden space 65536K, 100% used [0x000000076ab00000,0x000000076eb00000,0x000000076eb00000)
  from space 10752K, 71% used [0x000000076eb00000,0x000000076f2816e8,0x000000076f580000)
  to   space 10752K, 0% used [0x000000076f580000,0x000000076f580000,0x0000000770000000)
 ParOldGen       total 175104K, used 32K [0x00000006c0000000, 0x00000006cab00000, 0x000000076ab00000)
  object space 175104K, 0% used [0x00000006c0000000,0x00000006c0008000,0x00000006cab00000)
 Metaspace       used 15768K, capacity 16002K, committed 16256K, reserved 1062912K
  class space    used 2086K, capacity 2175K, committed 2176K, reserved 1048576K
Event: 8610.780 GC heap after
Heap after GC invocations=4 (full 0):
 PSYoungGen      total 76288K, used 3579K [0x000000076ab00000, 0x0000000770000000, 0x00000007c0000000)
  eden space 65536K, 0% used [0x000000076ab00000,0x000000076ab00000,0x000000076eb00000)
  from space 10752K, 33% used [0x000000076f580000,0x000000076f8fec30,0x0000000770000000)
  to   space 10752K, 0% used [0x000000076eb00000,0x000000076eb00000,0x000000076f580000)
 ParOldGen       total 175104K, used 32K [0x00000006c0000000, 0x00000006cab00000, 0x000000076ab00000)
  object space 175104K, 0% used [0x00000006c0000000,0x00000006c0008000,0x00000006cab00000)
 Metaspace       used 15768K, capacity 16002K, committed 16256K, reserved 1062912K
  class space    used 2086K, capacity 2175K, committed 2176K, reserved 1048576K
}

Deoptimization events (10 events):
Event: 1.281 Thread 0x00007ffe5aa2b000 Uncommon trap: reason=class_check action=maybe_recompile pc=0x00000001062e8218 method=java.lang.String.equals(Ljava/lang/Object;)Z @ 8
Event: 1.281 Thread 0x00007ffe5aa2b000 Uncommon trap: reason=class_check action=maybe_recompile pc=0x00000001062e8218 method=java.lang.String.equals(Ljava/lang/Object;)Z @ 8
Event: 1.281 Thread 0x00007ffe5aa2b000 Uncommon trap: reason=class_check action=maybe_recompile pc=0x00000001062e8218 method=java.lang.String.equals(Ljava/lang/Object;)Z @ 8
Event: 102.916 Thread 0x00007ffe5aa2b000 Uncommon trap: reason=unstable_if action=reinterpret pc=0x00000001064d9fec method=java.util.concurrent.locks.AbstractQueuedSynchronizer.transferForSignal(Ljava/util/concurrent/locks/AbstractQueuedSynchronizer$Node;)Z @ 7
Event: 213.777 Thread 0x00007ffe5c9fd000 Uncommon trap: reason=unstable_if action=reinterpret pc=0x00000001064ddbb0 method=java.util.concurrent.locks.AbstractQueuedSynchronizer.acquireQueued(Ljava/util/concurrent/locks/AbstractQueuedSynchronizer$Node;I)Z @ 17
Event: 965.942 Thread 0x00007ffe5c051000 Uncommon trap: reason=unstable_if action=reinterpret pc=0x00000001064fb480 method=java.util.HashMap.removeNode(ILjava/lang/Object;Ljava/lang/Object;ZZ)Ljava/util/HashMap$Node; @ 58
Event: 965.958 Thread 0x00007ffe5aa2b000 Uncommon trap: reason=unstable_if action=reinterpret pc=0x00000001064e847c method=java.awt.EventQueue.getPriority(Ljava/awt/AWTEvent;)I @ 71
Event: 965.993 Thread 0x00007ffe5aa2b000 Uncommon trap: reason=unstable_if action=reinterpret pc=0x00000001064f6918 method=java.awt.EventQueue.getPriority(Ljava/awt/AWTEvent;)I @ 71
Event: 966.022 Thread 0x00007ffe5aa2b000 Uncommon trap: reason=unstable_if action=reinterpret pc=0x0000000106513e08 method=com.apple.laf.AquaProgressBarUI$Animator.actionPerformed(Ljava/awt/event/ActionEvent;)V @ 36
Event: 1009.733 Thread 0x00007ffe5aa2b000 Uncommon trap: reason=unstable_if action=reinterpret pc=0x00000001065043b4 method=com.apple.laf.AquaProgressBarUI$Animator.actionPerformed(Ljava/awt/event/ActionEvent;)V @ 36

Internal exceptions (10 events):
Event: 0.090 Thread 0x00007ffe5a806800 Exception <a 'java/security/PrivilegedActionException'> (0x000000076ac2c808) thrown at [/Users/java_re/workspace/8-2-build-macosx-x86_64/jdk8u45/3457/hotspot/src/share/vm/prims/jvm.cpp, line 1382]
Event: 0.091 Thread 0x00007ffe5a806800 Exception <a 'java/security/PrivilegedActionException'> (0x000000076ac2f9f8) thrown at [/Users/java_re/workspace/8-2-build-macosx-x86_64/jdk8u45/3457/hotspot/src/share/vm/prims/jvm.cpp, line 1382]
Event: 0.091 Thread 0x00007ffe5a806800 Exception <a 'java/security/PrivilegedActionException'> (0x000000076ac2fbb0) thrown at [/Users/java_re/workspace/8-2-build-macosx-x86_64/jdk8u45/3457/hotspot/src/share/vm/prims/jvm.cpp, line 1382]
Event: 0.228 Thread 0x00007ffe5a806800 Exception <a 'java/io/FileNotFoundException'> (0x000000076ac34e78) thrown at [/Users/java_re/workspace/8-2-build-macosx-x86_64/jdk8u45/3457/hotspot/src/share/vm/prims/jni.cpp, line 709]
Event: 0.228 Thread 0x00007ffe5a806800 Exception <a 'java/io/FileNotFoundException'> (0x000000076ac359b8) thrown at [/Users/java_re/workspace/8-2-build-macosx-x86_64/jdk8u45/3457/hotspot/src/share/vm/prims/jni.cpp, line 709]
Event: 0.267 Thread 0x00007ffe5c051000 Exception <a 'java/lang/NoSuchFieldError': method resolution failed> (0x000000076afa62b0) thrown at [/Users/java_re/workspace/8-2-build-macosx-x86_64/jdk8u45/3457/hotspot/src/share/vm/prims/methodHandles.cpp, line 1125]
Event: 0.268 Thread 0x00007ffe5c051000 Exception <a 'java/lang/NoSuchFieldError': method resolution failed> (0x000000076afb4950) thrown at [/Users/java_re/workspace/8-2-build-macosx-x86_64/jdk8u45/3457/hotspot/src/share/vm/prims/methodHandles.cpp, line 1125]
Event: 0.801 Thread 0x00007ffe5aa2b000 Exception <a 'java/lang/NullPointerException'> (0x000000076b948320) thrown at [/Users/java_re/workspace/8-2-build-macosx-x86_64/jdk8u45/3457/hotspot/src/share/vm/prims/jni.cpp, line 735]
Event: 1.244 Thread 0x00007ffe5aa2b000 Exception <a 'java/net/UnknownHostException'> (0x000000076b982920) thrown at [/Users/java_re/workspace/8-2-build-macosx-x86_64/jdk8u45/3457/hotspot/src/share/vm/prims/jni.cpp, line 709]
Event: 1487.687 Thread 0x00007ffe5c818000 Exception <a 'java/lang/NullPointerException'> (0x000000076ae02eb0) thrown at [/Users/java_re/workspace/8-2-build-macosx-x86_64/jdk8u45/3457/hotspot/src/share/vm/interpreter/linkResolver.cpp, line 1178]

Events (10 events):
Event: 2229.717 Thread 0x00007ffe5c9fd000 DEOPT PACKING pc=0x00000001065845ce sp=0x0000700001f7f7e0
Event: 2229.717 Thread 0x00007ffe5c9fd000 DEOPT UNPACKING pc=0x00000001061b0633 sp=0x0000700001f7f600 mode 0
Event: 3664.205 Executing VM operation: ParallelGCFailedAllocation
Event: 3664.211 Executing VM operation: ParallelGCFailedAllocation done
Event: 6141.877 Executing VM operation: ParallelGCFailedAllocation
Event: 6141.882 Executing VM operation: ParallelGCFailedAllocation done
Event: 8610.776 Executing VM operation: ParallelGCFailedAllocation
Event: 8610.780 Executing VM operation: ParallelGCFailedAllocation done
Event: 8610.780 loading class sun/font/StrikeCache$2
Event: 8610.782 loading class sun/font/StrikeCache$2 done


Dynamic libraries:
0x000000000afed000 	/System/Library/Frameworks/Cocoa.framework/Versions/A/Cocoa
0x000000000afed000 	/System/Library/Frameworks/Security.framework/Versions/A/Security
0x000000000afed000 	/System/Library/Frameworks/ApplicationServices.framework/Versions/A/ApplicationServices
0x000000000afed000 	/usr/lib/libz.1.dylib
0x000000000afed000 	/usr/lib/libSystem.B.dylib
0x000000000afed000 	/usr/lib/libobjc.A.dylib
0x000000000afed000 	/System/Library/Frameworks/CoreFoundation.framework/Versions/A/CoreFoundation
0x000000000afed000 	/System/Library/Frameworks/Foundation.framework/Versions/C/Foundation
0x000000000afed000 	/System/Library/Frameworks/AppKit.framework/Versions/C/AppKit
0x000000000afed000 	/System/Library/Frameworks/CoreData.framework/Versions/A/CoreData
0x000000000afed000 	/System/Library/PrivateFrameworks/RemoteViewServices.framework/Versions/A/RemoteViewServices
0x000000000afed000 	/System/Library/PrivateFrameworks/UIFoundation.framework/Versions/A/UIFoundation
0x000000000afed000 	/usr/lib/libScreenReader.dylib
0x000000000afed000 	/System/Library/Frameworks/Accelerate.framework/Versions/A/Accelerate
0x000000000afed000 	/System/Library/Frameworks/IOSurface.framework/Versions/A/IOSurface
0x000000000afed000 	/System/Library/Frameworks/AudioToolbox.framework/Versions/A/AudioToolbox
0x000000000afed000 	/System/Library/Frameworks/AudioUnit.framework/Versions/A/AudioUnit
0x000000000afed000 	/System/Library/PrivateFrameworks/DataDetectorsCore.framework/Versions/A/DataDetectorsCore
0x000000000afed000 	/System/Library/PrivateFrameworks/DesktopServicesPriv.framework/Versions/A/DesktopServicesPriv
0x000000000afed000 	/System/Library/Frameworks/Carbon.framework/Versions/A/Frameworks/HIToolbox.framework/Versions/A/HIToolbox
0x000000000afed000 	/System/Library/Frameworks/QuartzCore.framework/Versions/A/QuartzCore
0x000000000afed000 	/System/Library/Frameworks/Carbon.framework/Versions/A/Frameworks/SpeechRecognition.framework/Versions/A/SpeechRecognition
0x000000000afed000 	/usr/lib/libauto.dylib
0x000000000afed000 	/usr/lib/libicucore.A.dylib
0x000000000afed000 	/usr/lib/libxml2.2.dylib
0x000000000afed000 	/System/Library/PrivateFrameworks/CoreUI.framework/Versions/A/CoreUI
0x000000000afed000 	/System/Library/Frameworks/CoreAudio.framework/Versions/A/CoreAudio
0x000000000afed000 	/System/Library/Frameworks/DiskArbitration.framework/Versions/A/DiskArbitration
0x000000000afed000 	/usr/lib/liblangid.dylib
0x000000000afed000 	/System/Library/PrivateFrameworks/MultitouchSupport.framework/Versions/A/MultitouchSupport
0x000000000afed000 	/System/Library/Frameworks/IOKit.framework/Versions/A/IOKit
0x000000000afed000 	/usr/lib/libDiagnosticMessagesClient.dylib
0x000000000afed000 	/System/Library/Frameworks/CoreServices.framework/Versions/A/CoreServices
0x000000000afed000 	/System/Library/PrivateFrameworks/PerformanceAnalysis.framework/Versions/A/PerformanceAnalysis
0x000000000afed000 	/System/Library/PrivateFrameworks/GenerationalStorage.framework/Versions/A/GenerationalStorage
0x000000000afed000 	/System/Library/Frameworks/OpenGL.framework/Versions/A/OpenGL
0x000000000afed000 	/System/Library/PrivateFrameworks/Sharing.framework/Versions/A/Sharing
0x000000000afed000 	/System/Library/Frameworks/CoreGraphics.framework/Versions/A/CoreGraphics
0x000000000afed000 	/System/Library/Frameworks/CoreImage.framework/Versions/A/CoreImage
0x000000000afed000 	/System/Library/Frameworks/CoreText.framework/Versions/A/CoreText
0x000000000afed000 	/System/Library/Frameworks/ImageIO.framework/Versions/A/ImageIO
0x000000000afed000 	/System/Library/PrivateFrameworks/Backup.framework/Versions/A/Backup
0x000000000afed000 	/usr/lib/libextension.dylib
0x000000000afed000 	/usr/lib/libarchive.2.dylib
0x000000000afed000 	/System/Library/Frameworks/CFNetwork.framework/Versions/A/CFNetwork
0x000000000afed000 	/System/Library/Frameworks/SystemConfiguration.framework/Versions/A/SystemConfiguration
0x000000000afed000 	/usr/lib/libCRFSuite.dylib
0x000000000afed000 	/usr/lib/libc++.1.dylib
0x000000000afed000 	/usr/lib/libc++abi.dylib
0x000000000afed000 	/usr/lib/system/libcache.dylib
0x000000000afed000 	/usr/lib/system/libcommonCrypto.dylib
0x000000000afed000 	/usr/lib/system/libcompiler_rt.dylib
0x000000000afed000 	/usr/lib/system/libcopyfile.dylib
0x000000000afed000 	/usr/lib/system/libcorecrypto.dylib
0x000000000afed000 	/usr/lib/system/libdispatch.dylib
0x000000000afed000 	/usr/lib/system/libdyld.dylib
0x000000000afed000 	/usr/lib/system/libkeymgr.dylib
0x000000000afed000 	/usr/lib/system/liblaunch.dylib
0x000000000afed000 	/usr/lib/system/libmacho.dylib
0x000000000afed000 	/usr/lib/system/libquarantine.dylib
0x000000000afed000 	/usr/lib/system/libremovefile.dylib
0x000000000afed000 	/usr/lib/system/libsystem_asl.dylib
0x000000000afed000 	/usr/lib/system/libsystem_blocks.dylib
0x000000000afed000 	/usr/lib/system/libsystem_c.dylib
0x000000000afed000 	/usr/lib/system/libsystem_configuration.dylib
0x000000000afed000 	/usr/lib/system/libsystem_coreservices.dylib
0x000000000afed000 	/usr/lib/system/libsystem_coretls.dylib
0x000000000afed000 	/usr/lib/system/libsystem_dnssd.dylib
0x000000000afed000 	/usr/lib/system/libsystem_info.dylib
0x000000000afed000 	/usr/lib/system/libsystem_kernel.dylib
0x000000000afed000 	/usr/lib/system/libsystem_m.dylib
0x000000000afed000 	/usr/lib/system/libsystem_malloc.dylib
0x000000000afed000 	/usr/lib/system/libsystem_network.dylib
0x000000000afed000 	/usr/lib/system/libsystem_networkextension.dylib
0x000000000afed000 	/usr/lib/system/libsystem_notify.dylib
0x000000000afed000 	/usr/lib/system/libsystem_platform.dylib
0x000000000afed000 	/usr/lib/system/libsystem_pthread.dylib
0x000000000afed000 	/usr/lib/system/libsystem_sandbox.dylib
0x000000000afed000 	/usr/lib/system/libsystem_secinit.dylib
0x000000000afed000 	/usr/lib/system/libsystem_trace.dylib
0x000000000afed000 	/usr/lib/system/libunc.dylib
0x000000000afed000 	/usr/lib/system/libunwind.dylib
0x000000000afed000 	/usr/lib/system/libxpc.dylib
0x000000000afed000 	/usr/lib/libenergytrace.dylib
0x000000000afed000 	/usr/lib/libbsm.0.dylib
0x000000000afed000 	/usr/lib/system/libkxld.dylib
0x000000000afed000 	/usr/lib/libxar.1.dylib
0x000000000afed000 	/usr/lib/libsqlite3.dylib
0x000000000afed000 	/usr/lib/libpam.2.dylib
0x000000000afed000 	/usr/lib/libOpenScriptingUtil.dylib
0x000000000afed000 	/usr/lib/libbz2.1.0.dylib
0x000000000afed000 	/usr/lib/liblzma.5.dylib
0x000000000afed000 	/System/Library/Frameworks/CoreServices.framework/Versions/A/Frameworks/FSEvents.framework/Versions/A/FSEvents
0x000000000afed000 	/System/Library/Frameworks/CoreServices.framework/Versions/A/Frameworks/CarbonCore.framework/Versions/A/CarbonCore
0x000000000afed000 	/System/Library/Frameworks/CoreServices.framework/Versions/A/Frameworks/Metadata.framework/Versions/A/Metadata
0x000000000afed000 	/System/Library/Frameworks/CoreServices.framework/Versions/A/Frameworks/OSServices.framework/Versions/A/OSServices
0x000000000afed000 	/System/Library/Frameworks/CoreServices.framework/Versions/A/Frameworks/SearchKit.framework/Versions/A/SearchKit
0x000000000afed000 	/System/Library/Frameworks/CoreServices.framework/Versions/A/Frameworks/AE.framework/Versions/A/AE
0x000000000afed000 	/System/Library/Frameworks/CoreServices.framework/Versions/A/Frameworks/LaunchServices.framework/Versions/A/LaunchServices
0x000000000afed000 	/System/Library/Frameworks/CoreServices.framework/Versions/A/Frameworks/DictionaryServices.framework/Versions/A/DictionaryServices
0x000000000afed000 	/System/Library/Frameworks/CoreServices.framework/Versions/A/Frameworks/SharedFileList.framework/Versions/A/SharedFileList
0x000000000afed000 	/System/Library/Frameworks/NetFS.framework/Versions/A/NetFS
0x000000000afed000 	/System/Library/PrivateFrameworks/NetAuth.framework/Versions/A/NetAuth
0x000000000afed000 	/System/Library/PrivateFrameworks/login.framework/Versions/A/Frameworks/loginsupport.framework/Versions/A/loginsupport
0x000000000afed000 	/System/Library/PrivateFrameworks/TCC.framework/Versions/A/TCC
0x000000000afed000 	/usr/lib/libmecabra.dylib
0x000000000afed000 	/System/Library/Frameworks/ApplicationServices.framework/Versions/A/Frameworks/ATS.framework/Versions/A/ATS
0x000000000afed000 	/System/Library/Frameworks/ApplicationServices.framework/Versions/A/Frameworks/ColorSync.framework/Versions/A/ColorSync
0x000000000afed000 	/System/Library/Frameworks/ApplicationServices.framework/Versions/A/Frameworks/HIServices.framework/Versions/A/HIServices
0x000000000afed000 	/System/Library/Frameworks/ApplicationServices.framework/Versions/A/Frameworks/LangAnalysis.framework/Versions/A/LangAnalysis
0x000000000afed000 	/System/Library/Frameworks/ApplicationServices.framework/Versions/A/Frameworks/PrintCore.framework/Versions/A/PrintCore
0x000000000afed000 	/System/Library/Frameworks/ApplicationServices.framework/Versions/A/Frameworks/QD.framework/Versions/A/QD
0x000000000afed000 	/System/Library/Frameworks/ApplicationServices.framework/Versions/A/Frameworks/SpeechSynthesis.framework/Versions/A/SpeechSynthesis
0x000000000afed000 	/System/Library/Frameworks/Metal.framework/Versions/A/Metal
0x000000000afed000 	/System/Library/Frameworks/Accelerate.framework/Versions/A/Frameworks/vImage.framework/Versions/A/vImage
0x000000000afed000 	/System/Library/Frameworks/Accelerate.framework/Versions/A/Frameworks/vecLib.framework/Versions/A/vecLib
0x000000000afed000 	/System/Library/Frameworks/Accelerate.framework/Versions/A/Frameworks/vecLib.framework/Versions/A/libvDSP.dylib
0x000000000afed000 	/System/Library/Frameworks/Accelerate.framework/Versions/A/Frameworks/vecLib.framework/Versions/A/libvMisc.dylib
0x000000000afed000 	/System/Library/Frameworks/Accelerate.framework/Versions/A/Frameworks/vecLib.framework/Versions/A/libLAPACK.dylib
0x000000000afed000 	/System/Library/Frameworks/Accelerate.framework/Versions/A/Frameworks/vecLib.framework/Versions/A/libBLAS.dylib
0x000000000afed000 	/System/Library/Frameworks/Accelerate.framework/Versions/A/Frameworks/vecLib.framework/Versions/A/libLinearAlgebra.dylib
0x000000000afed000 	/System/Library/Frameworks/Accelerate.framework/Versions/A/Frameworks/vecLib.framework/Versions/A/libSparseBLAS.dylib
0x000000000afed000 	/System/Library/PrivateFrameworks/GPUCompiler.framework/libmetal_timestamp.dylib
0x000000000afed000 	/System/Library/Frameworks/OpenGL.framework/Versions/A/Libraries/libCoreFSCache.dylib
0x000000000afed000 	/System/Library/PrivateFrameworks/IOAccelerator.framework/Versions/A/IOAccelerator
0x000000000afed000 	/System/Library/Frameworks/ApplicationServices.framework/Versions/A/Frameworks/ATS.framework/Versions/A/Resources/libFontParser.dylib
0x000000000afed000 	/System/Library/Frameworks/ApplicationServices.framework/Versions/A/Frameworks/ATS.framework/Versions/A/Resources/libFontRegistry.dylib
0x000000000afed000 	/System/Library/PrivateFrameworks/AppleVPA.framework/Versions/A/AppleVPA
0x000000000afed000 	/System/Library/PrivateFrameworks/AppleJPEG.framework/Versions/A/AppleJPEG
0x000000000afed000 	/System/Library/Frameworks/ImageIO.framework/Versions/A/Resources/libJPEG.dylib
0x000000000afed000 	/System/Library/Frameworks/ImageIO.framework/Versions/A/Resources/libTIFF.dylib
0x000000000afed000 	/System/Library/Frameworks/ImageIO.framework/Versions/A/Resources/libPng.dylib
0x000000000afed000 	/System/Library/Frameworks/ImageIO.framework/Versions/A/Resources/libGIF.dylib
0x000000000afed000 	/System/Library/Frameworks/ImageIO.framework/Versions/A/Resources/libJP2.dylib
0x000000000afed000 	/System/Library/Frameworks/ImageIO.framework/Versions/A/Resources/libRadiance.dylib
0x000000000afed000 	/System/Library/Frameworks/CoreVideo.framework/Versions/A/CoreVideo
0x000000000afed000 	/System/Library/Frameworks/OpenGL.framework/Versions/A/Libraries/libGLU.dylib
0x000000000afed000 	/System/Library/Frameworks/OpenGL.framework/Versions/A/Libraries/libGFXShared.dylib
0x000000000afed000 	/System/Library/Frameworks/OpenGL.framework/Versions/A/Libraries/libGL.dylib
0x000000000afed000 	/System/Library/Frameworks/OpenGL.framework/Versions/A/Libraries/libGLImage.dylib
0x000000000afed000 	/System/Library/Frameworks/OpenGL.framework/Versions/A/Libraries/libCVMSPluginSupport.dylib
0x000000000afed000 	/System/Library/Frameworks/OpenGL.framework/Versions/A/Libraries/libCoreVMClient.dylib
0x000000000afed000 	/usr/lib/libcups.2.dylib
0x000000000afed000 	/System/Library/Frameworks/Kerberos.framework/Versions/A/Kerberos
0x000000000afed000 	/System/Library/Frameworks/GSS.framework/Versions/A/GSS
0x000000000afed000 	/usr/lib/libresolv.9.dylib
0x000000000afed000 	/usr/lib/libiconv.2.dylib
0x000000000afed000 	/System/Library/PrivateFrameworks/Heimdal.framework/Versions/A/Heimdal
0x000000000afed000 	/usr/lib/libheimdal-asn1.dylib
0x000000000afed000 	/System/Library/Frameworks/OpenDirectory.framework/Versions/A/OpenDirectory
0x000000000afed000 	/System/Library/PrivateFrameworks/CommonAuth.framework/Versions/A/CommonAuth
0x000000000afed000 	/System/Library/Frameworks/OpenDirectory.framework/Versions/A/Frameworks/CFOpenDirectory.framework/Versions/A/CFOpenDirectory
0x000000000afed000 	/System/Library/Frameworks/SecurityFoundation.framework/Versions/A/SecurityFoundation
0x000000000afed000 	/System/Library/PrivateFrameworks/LanguageModeling.framework/Versions/A/LanguageModeling
0x000000000afed000 	/usr/lib/libmarisa.dylib
0x000000000afed000 	/usr/lib/libChineseTokenizer.dylib
0x000000000afed000 	/usr/lib/libcmph.dylib
0x000000000afed000 	/usr/lib/libcompression.dylib
0x000000000afed000 	/System/Library/Frameworks/ServiceManagement.framework/Versions/A/ServiceManagement
0x000000000afed000 	/usr/lib/libxslt.1.dylib
0x000000000afed000 	/System/Library/Frameworks/Carbon.framework/Versions/A/Frameworks/Ink.framework/Versions/A/Ink
0x000000000afed000 	/usr/lib/libFosl_dynamic.dylib
0x000000000afed000 	/System/Library/PrivateFrameworks/FaceCore.framework/Versions/A/FaceCore
0x000000000afed000 	/System/Library/Frameworks/OpenCL.framework/Versions/A/OpenCL
0x000000000afed000 	/System/Library/PrivateFrameworks/CrashReporterSupport.framework/Versions/A/CrashReporterSupport
0x000000000afed000 	/System/Library/PrivateFrameworks/IconServices.framework/Versions/A/IconServices
0x000000000afed000 	/System/Library/PrivateFrameworks/Apple80211.framework/Versions/A/Apple80211
0x000000000afed000 	/System/Library/Frameworks/CoreWLAN.framework/Versions/A/CoreWLAN
0x000000000afed000 	/System/Library/Frameworks/IOBluetooth.framework/Versions/A/IOBluetooth
0x000000000afed000 	/System/Library/PrivateFrameworks/CoreWiFi.framework/Versions/A/CoreWiFi
0x000000000afed000 	/System/Library/Frameworks/CoreBluetooth.framework/Versions/A/CoreBluetooth
0x000000000afed000 	/System/Library/PrivateFrameworks/ChunkingLibrary.framework/Versions/A/ChunkingLibrary
0x000000000afed000 	/System/Library/PrivateFrameworks/DebugSymbols.framework/Versions/A/DebugSymbols
0x000000000afed000 	/System/Library/PrivateFrameworks/CoreSymbolication.framework/Versions/A/CoreSymbolication
0x000000000afed000 	/System/Library/PrivateFrameworks/Symbolication.framework/Versions/A/Symbolication
0x000000000afed000 	/System/Library/PrivateFrameworks/SpeechRecognitionCore.framework/Versions/A/SpeechRecognitionCore
0x0000000105200000 	/Library/Java/JavaVirtualMachines/jdk1.8.0_45.jdk/Contents/Home/jre/lib/server/libjvm.dylib
0x000000000afed000 	/usr/lib/libstdc++.6.dylib
0x00000001040f3000 	/Library/Java/JavaVirtualMachines/jdk1.8.0_45.jdk/Contents/Home/jre/lib/libverify.dylib
0x0000000104101000 	/Library/Java/JavaVirtualMachines/jdk1.8.0_45.jdk/Contents/Home/jre/lib/libjava.dylib
0x0000000104140000 	/Library/Java/JavaVirtualMachines/jdk1.8.0_45.jdk/Contents/Home/jre/lib/libzip.dylib
0x00000001041e2000 	/System/Library/Frameworks/JavaVM.framework/Frameworks/JavaRuntimeSupport.framework/JavaRuntimeSupport
0x0000000121186000 	/System/Library/Frameworks/JavaVM.framework/Versions/A/Frameworks/JavaNativeFoundation.framework/Versions/A/JavaNativeFoundation
0x000000012119b000 	/System/Library/Frameworks/JavaVM.framework/Versions/A/JavaVM
0x000000000afed000 	/System/Library/Frameworks/Carbon.framework/Versions/A/Carbon
0x00000001211a8000 	/System/Library/PrivateFrameworks/JavaLaunching.framework/Versions/A/JavaLaunching
0x000000000afed000 	/System/Library/Frameworks/Carbon.framework/Versions/A/Frameworks/CommonPanels.framework/Versions/A/CommonPanels
0x000000000afed000 	/System/Library/Frameworks/Carbon.framework/Versions/A/Frameworks/Help.framework/Versions/A/Help
0x000000000afed000 	/System/Library/Frameworks/Carbon.framework/Versions/A/Frameworks/ImageCapture.framework/Versions/A/ImageCapture
0x000000000afed000 	/System/Library/Frameworks/Carbon.framework/Versions/A/Frameworks/OpenScripting.framework/Versions/A/OpenScripting
0x000000000afed000 	/System/Library/Frameworks/Carbon.framework/Versions/A/Frameworks/Print.framework/Versions/A/Print
0x000000000afed000 	/System/Library/Frameworks/Carbon.framework/Versions/A/Frameworks/SecurityHI.framework/Versions/A/SecurityHI
0x0000000122b04000 	/Library/Java/JavaVirtualMachines/jdk1.8.0_45.jdk/Contents/Home/jre/lib/libawt.dylib
0x0000000122bac000 	/Library/Java/JavaVirtualMachines/jdk1.8.0_45.jdk/Contents/Home/jre/lib/./libmlib_image.dylib
0x0000000122c78000 	/Library/Java/JavaVirtualMachines/jdk1.8.0_45.jdk/Contents/Home/jre/lib/libawt_lwawt.dylib
0x0000000122d2c000 	/Library/Java/JavaVirtualMachines/jdk1.8.0_45.jdk/Contents/Home/jre/lib/./libosxapp.dylib
0x000000000afed000 	/System/Library/Frameworks/ExceptionHandling.framework/Versions/A/ExceptionHandling
0x000000000afed000 	/System/Library/PrivateFrameworks/CoreServicesInternal.framework/Versions/A/CoreServicesInternal
0x000000000afed000 	/System/Library/Frameworks/CoreGraphics.framework/Versions/A/Resources/libRIP.A.dylib
0x000000000afed000 	/System/Library/Frameworks/Accelerate.framework/Versions/A/Frameworks/vImage.framework/Versions/A/Libraries/libCGInterfaces.dylib
0x000000000afed000 	/System/Library/Frameworks/CoreGraphics.framework/Versions/A/Resources/libCGXType.A.dylib
0x000000000afed000 	/System/Library/Frameworks/OpenCL.framework/Versions/A/Libraries/libcldcpuengine.dylib
0x000000000afed000 	/System/Library/PrivateFrameworks/DiskImages.framework/Versions/A/DiskImages
0x000000000afed000 	/System/Library/Frameworks/DiscRecording.framework/Versions/A/DiscRecording
0x000000000afed000 	/usr/lib/libcsfde.dylib
0x000000000afed000 	/usr/lib/libcurl.4.dylib
0x000000000afed000 	/System/Library/PrivateFrameworks/MediaKit.framework/Versions/A/MediaKit
0x000000000afed000 	/System/Library/PrivateFrameworks/ProtectedCloudStorage.framework/Versions/A/ProtectedCloudStorage
0x000000000afed000 	/usr/lib/libCoreStorage.dylib
0x000000000afed000 	/System/Library/PrivateFrameworks/EFILogin.framework/Versions/A/EFILogin
0x000000000afed000 	/usr/lib/libutil.dylib
0x000000000afed000 	/System/Library/PrivateFrameworks/FindMyDevice.framework/Versions/A/FindMyDevice
0x000000000afed000 	/System/Library/Frameworks/LDAP.framework/Versions/A/LDAP
0x000000000afed000 	/usr/lib/libsasl2.2.dylib
0x000000000afed000 	/System/Library/PrivateFrameworks/CoreDaemon.framework/Versions/B/CoreDaemon
0x000000000afed000 	/usr/lib/libcrypto.0.9.8.dylib
0x000000000afed000 	/System/Library/PrivateFrameworks/AppleSRP.framework/Versions/A/AppleSRP
0x000000000afed000 	/System/Library/PrivateFrameworks/TrustEvaluationAgent.framework/Versions/A/TrustEvaluationAgent
0x0000000124a2e000 	cl_kernels
0x000000000afed000 	/System/Library/Frameworks/OpenCL.framework/Versions/A/Libraries/ImageFormats/unorm8_bgra.dylib
0x000000000afed000 	/System/Library/Frameworks/OpenCL.framework/Versions/A/Libraries/ImageFormats/unorm8_rgba.dylib
0x000000000afed000 	/System/Library/PrivateFrameworks/FamilyControls.framework/Versions/A/FamilyControls
0x000000000afed000 	/System/Library/PrivateFrameworks/CommerceKit.framework/Versions/A/Frameworks/CommerceCore.framework/Versions/A/CommerceCore
0x000000000afed000 	/System/Library/PrivateFrameworks/SystemAdministration.framework/Versions/A/SystemAdministration
0x000000000afed000 	/System/Library/PrivateFrameworks/AppContainer.framework/Versions/A/AppContainer
0x000000000afed000 	/System/Library/PrivateFrameworks/SecCodeWrapper.framework/Versions/A/SecCodeWrapper
0x000000000afed000 	/System/Library/Frameworks/DirectoryService.framework/Versions/A/DirectoryService
0x000000000afed000 	/System/Library/PrivateFrameworks/LoginUIKit.framework/Versions/A/Frameworks/LoginUICore.framework/Versions/A/LoginUICore
0x000000000afed000 	/usr/lib/libodfde.dylib
0x0000000125ba9000 	/Library/Java/JavaVirtualMachines/jdk1.8.0_45.jdk/Contents/Home/jre/lib/libfontmanager.dylib
0x0000000123e1e000 	/Library/Java/JavaVirtualMachines/jdk1.8.0_45.jdk/Contents/Home/jre/lib/libosxui.dylib
0x000000000afed000 	/System/Library/Frameworks/OpenGL.framework/Versions/A/Resources/GLEngine.bundle/GLEngine
0x000000000afed000 	/System/Library/Frameworks/OpenGL.framework/Versions/A/Libraries/libGLProgrammability.dylib
0x0000000126767000 	/System/Library/Extensions/AppleIntelHD5000GraphicsGLDriver.bundle/Contents/MacOS/AppleIntelHD5000GraphicsGLDriver
0x000000000afed000 	/System/Library/PrivateFrameworks/GPUSupport.framework/Versions/A/Libraries/libGPUSupportMercury.dylib
0x000000000afed000 	/System/Library/Extensions/GeForceGLDriver.bundle/Contents/MacOS/GeForceGLDriver
0x000000000afed000 	/System/Library/Extensions/GeForceGLDriver.bundle/Contents/MacOS/libclh.dylib
0x000000000afed000 	/System/Library/Frameworks/OpenGL.framework/Versions/A/Resources/GLRendererFloat.bundle/GLRendererFloat
0x0000000127d9c000 	/Library/Java/JavaVirtualMachines/jdk1.8.0_45.jdk/Contents/Home/jre/lib/libnio.dylib
0x0000000127dac000 	/Library/Java/JavaVirtualMachines/jdk1.8.0_45.jdk/Contents/Home/jre/lib/./libnet.dylib
0x0000000127e10000 	/Library/Java/JavaVirtualMachines/jdk1.8.0_45.jdk/Contents/Home/jre/lib/libjpeg.dylib
0x000000000afed000 	/System/Library/PrivateFrameworks/CloudDocs.framework/Versions/A/CloudDocs
0x000000000afed000 	/System/Library/PrivateFrameworks/CoreDuet.framework/Versions/A/CoreDuet
0x000000000afed000 	/System/Library/Frameworks/CloudKit.framework/Versions/A/CloudKit
0x000000000afed000 	/System/Library/PrivateFrameworks/ProtocolBuffer.framework/Versions/A/ProtocolBuffer
0x000000000afed000 	/System/Library/PrivateFrameworks/CoreDuetDaemonProtocol.framework/Versions/A/CoreDuetDaemonProtocol
0x000000000afed000 	/System/Library/PrivateFrameworks/CoreDuetDebugLogging.framework/Versions/A/CoreDuetDebugLogging
0x000000000afed000 	/System/Library/Frameworks/Contacts.framework/Versions/A/Contacts
0x000000000afed000 	/System/Library/PrivateFrameworks/MMCS.framework/Versions/A/MMCS
0x000000000afed000 	/System/Library/Frameworks/CoreLocation.framework/Versions/A/CoreLocation
0x000000000afed000 	/System/Library/PrivateFrameworks/ContactsPersistence.framework/Versions/A/ContactsPersistence
0x000000000afed000 	/System/Library/Frameworks/AddressBook.framework/Versions/A/AddressBook
0x000000000afed000 	/System/Library/PrivateFrameworks/PhoneNumbers.framework/Versions/A/PhoneNumbers
0x000000000afed000 	/System/Library/PrivateFrameworks/IntlPreferences.framework/Versions/A/IntlPreferences
0x000000000afed000 	/System/Library/PrivateFrameworks/vCard.framework/Versions/A/vCard
0x000000000afed000 	/System/Library/Frameworks/Accounts.framework/Versions/A/Accounts
0x000000000afed000 	/System/Library/PrivateFrameworks/ContactsFoundation.framework/Versions/A/ContactsFoundation
0x000000000afed000 	/System/Library/PrivateFrameworks/ToneLibrary.framework/Versions/A/ToneLibrary
0x000000000afed000 	/System/Library/PrivateFrameworks/ToneKit.framework/Versions/A/ToneKit
0x000000000afed000 	/System/Library/PrivateFrameworks/ApplePushService.framework/Versions/A/ApplePushService
0x000000000afed000 	/System/Library/Frameworks/SecurityInterface.framework/Versions/A/SecurityInterface
0x000000000afed000 	/System/Library/PrivateFrameworks/ViewBridge.framework/Versions/A/ViewBridge
0x000000000afed000 	/System/Library/Frameworks/Quartz.framework/Versions/A/Quartz
0x000000000afed000 	/System/Library/Frameworks/AVFoundation.framework/Versions/A/AVFoundation
0x000000000afed000 	/System/Library/Frameworks/AVFoundation.framework/Versions/A/Resources/libAVFAudio.dylib
0x000000000afed000 	/System/Library/Frameworks/CoreMedia.framework/Versions/A/CoreMedia
0x000000000afed000 	/System/Library/Frameworks/MediaToolbox.framework/Versions/A/MediaToolbox
0x000000000afed000 	/System/Library/Frameworks/VideoToolbox.framework/Versions/A/VideoToolbox
0x000000000afed000 	/System/Library/Frameworks/CoreMediaIO.framework/Versions/A/CoreMediaIO
0x000000000afed000 	/usr/lib/libspindump.dylib
0x000000000afed000 	/System/Library/PrivateFrameworks/CoreAVCHD.framework/Versions/A/CoreAVCHD
0x000000000afed000 	/System/Library/Frameworks/MediaAccessibility.framework/Versions/A/MediaAccessibility
0x000000000afed000 	/System/Library/PrivateFrameworks/Mangrove.framework/Versions/A/Mangrove
0x000000000afed000 	/System/Library/PrivateFrameworks/CoreAUC.framework/Versions/A/CoreAUC
0x000000000afed000 	/System/Library/PrivateFrameworks/AppleVA.framework/Versions/A/AppleVA
0x000000000afed000 	/System/Library/PrivateFrameworks/XPCService.framework/Versions/A/XPCService
0x000000000afed000 	/System/Library/PrivateFrameworks/AppSandbox.framework/Versions/A/AppSandbox
0x000000000afed000 	/usr/lib/libsandbox.1.dylib
0x000000000afed000 	/usr/lib/libMatch.1.dylib
0x000000000afed000 	/System/Library/Frameworks/Quartz.framework/Versions/A/Frameworks/QuartzComposer.framework/Versions/A/QuartzComposer
0x000000000afed000 	/System/Library/Frameworks/Quartz.framework/Versions/A/Frameworks/PDFKit.framework/Versions/A/PDFKit
0x000000000afed000 	/System/Library/Frameworks/Quartz.framework/Versions/A/Frameworks/QuartzFilters.framework/Versions/A/QuartzFilters
0x000000000afed000 	/System/Library/Frameworks/Quartz.framework/Versions/A/Frameworks/ImageKit.framework/Versions/A/ImageKit
0x000000000afed000 	/System/Library/Frameworks/Quartz.framework/Versions/A/Frameworks/QuickLookUI.framework/Versions/A/QuickLookUI
0x000000000afed000 	/System/Library/Frameworks/JavaScriptCore.framework/Versions/A/JavaScriptCore
0x000000000afed000 	/System/Library/Frameworks/QTKit.framework/Versions/A/QTKit
0x000000000afed000 	/System/Library/PrivateFrameworks/AppleSystemInfo.framework/Versions/A/AppleSystemInfo
0x000000000afed000 	/System/Library/PrivateFrameworks/CoreMediaAuthoring.framework/Versions/A/CoreMediaAuthoring
0x000000000afed000 	/System/Library/PrivateFrameworks/CorePDF.framework/Versions/A/CorePDF
0x000000000afed000 	/System/Library/Frameworks/QuickLook.framework/Versions/A/QuickLook
0x000000000afed000 	/System/Library/PrivateFrameworks/DisplayServices.framework/Versions/A/DisplayServices
0x000000000afed000 	/System/Library/Frameworks/ImageCaptureCore.framework/Versions/A/ImageCaptureCore
0x000000000afed000 	/System/Library/PrivateFrameworks/SafariServices.framework/Versions/A/SafariServices
0x000000000afed000 	/System/Library/PrivateFrameworks/OAuth.framework/Versions/A/OAuth
0x000000000afed000 	/System/Library/PrivateFrameworks/AssetCacheServices.framework/Versions/A/AssetCacheServices
0x000000000afed000 	/System/Library/PrivateFrameworks/GeoServices.framework/Versions/A/GeoServices
0x000000012f1c8000 	/System/Library/Extensions/GeForceMTLDriver.bundle/Contents/MacOS/GeForceMTLDriver
0x000000012f263000 	/System/Library/Extensions/AppleIntelHD5000GraphicsMTLDriver.bundle/Contents/MacOS/AppleIntelHD5000GraphicsMTLDriver

VM Arguments:
jvm_args: -Dfile.encoding=UTF-8 
java_command: org.siftdna.main.SIFT4G_Main
java_class_path (initial): /Users/vamshidhar/Documents/OneDrive/Swarna-Work/SIFT4G_2.4/SIFT_4G/bin/org/siftdna/main:/Users/vamshidhar/Documents/OneDrive/Swarna-Work/SIFT4G_2.4/SIFT_4G/lib/commons-cli-1.2.jar:/Users/vamshidhar/Documents/OneDrive/Swarna-Work/SIFT4G_2.4/SIFT_4G/lib/commons-lang-2.6.jar
Launcher Type: SUN_STANDARD

Environment Variables:
PATH=/usr/bin:/bin:/usr/sbin:/sbin
SHELL=/bin/bash
DISPLAY=/private/tmp/com.apple.launchd.uvFDiPfIih/org.macosforge.xquartz:0

Signal Handlers:
SIGSEGV: [libjvm.dylib+0x58ef95], sa_mask[0]=11111111011111110111111111111111, sa_flags=SA_ONSTACK|SA_RESTART|SA_SIGINFO
SIGBUS: [libjvm.dylib+0x58ef95], sa_mask[0]=11111111011111110111111111111111, sa_flags=SA_RESTART|SA_SIGINFO
SIGFPE: [libjvm.dylib+0x46c108], sa_mask[0]=11111111011111110111111111111111, sa_flags=SA_RESTART|SA_SIGINFO
SIGPIPE: [libjvm.dylib+0x46c108], sa_mask[0]=11111111011111110111111111111111, sa_flags=SA_RESTART|SA_SIGINFO
SIGXFSZ: [libjvm.dylib+0x46c108], sa_mask[0]=11111111011111110111111111111111, sa_flags=SA_RESTART|SA_SIGINFO
SIGILL: [libjvm.dylib+0x46c108], sa_mask[0]=11111111011111110111111111111111, sa_flags=SA_RESTART|SA_SIGINFO
SIGUSR1: SIG_DFL, sa_mask[0]=00000000000000000000000000000000, sa_flags=none
SIGUSR2: [libjvm.dylib+0x46bc26], sa_mask[0]=00100000000000000000000000000000, sa_flags=SA_RESTART|SA_SIGINFO
SIGHUP: [libjvm.dylib+0x46a1f9], sa_mask[0]=11111111011111110111111111111111, sa_flags=SA_RESTART|SA_SIGINFO
SIGINT: [libjvm.dylib+0x46a1f9], sa_mask[0]=11111111011111110111111111111111, sa_flags=SA_RESTART|SA_SIGINFO
SIGTERM: [libjvm.dylib+0x46a1f9], sa_mask[0]=11111111011111110111111111111111, sa_flags=SA_RESTART|SA_SIGINFO
SIGQUIT: [libjvm.dylib+0x46a1f9], sa_mask[0]=11111111011111110111111111111111, sa_flags=SA_RESTART|SA_SIGINFO


---------------  S Y S T E M  ---------------

OS:Bsduname:Darwin 15.0.0 Darwin Kernel Version 15.0.0: Sat Sep 19 15:53:46 PDT 2015; root:xnu-3247.10.11~1/RELEASE_X86_64 x86_64
rlimit: STACK 8192k, CORE 0k, NPROC 709, NOFILE 10240, AS infinity
load average:2.58 2.14 2.10

CPU:total 8 (4 cores per cpu, 2 threads per core) family 6 model 70 stepping 1, cmov, cx8, fxsr, mmx, sse, sse2, sse3, ssse3, sse4.1, sse4.2, popcnt, avx, avx2, aes, clmul, erms, rtm, lzcnt, ht, tsc, tscinvbit, bmi1, bmi2

Memory: 4k page, physical 16777216k(3918000k free)

/proc/meminfo:


vm_info: Java HotSpot(TM) 64-Bit Server VM (25.45-b02) for bsd-amd64 JRE (1.8.0_45-b14), built on Apr 10 2015 10:46:38 by "java_re" with gcc 4.2.1 (Based on Apple Inc. build 5658) (LLVM build 2336.11.00)

time: Tue Nov 17 11:18:47 2015
elapsed time: 8610 seconds (0d 2h 23m 30s)

